<?xml version="1.0" encoding="UTF-8"?>
<testsuite xmlns:xsi="http://www.w3.org/2001/XMLSchema-instance" xsi:noNamespaceSchemaLocation="https://maven.apache.org/surefire/maven-surefire-plugin/xsd/surefire-test-report.xsd" name="com.rf.AppTest" time="0.022" tests="1" errors="0" skipped="0" failures="0">
  <properties>
    <property name="sun.desktop" value="windows"/>
    <property name="awt.toolkit" value="sun.awt.windows.WToolkit"/>
    <property name="file.encoding.pkg" value="sun.io"/>
    <property name="java.specification.version" value="1.8"/>
    <property name="sun.cpu.isalist" value="amd64"/>
    <property name="sun.jnu.encoding" value="GBK"/>
    <property name="java.class.path" value="D:\java program\qgzijixie\qg-common-parent\qg-common-utils\target\test-classes;D:\java program\qgzijixie\qg-common-parent\qg-common-utils\target\classes;D:\program\maven\repository_boot\junit\junit\4.11\junit-4.11.jar;D:\program\maven\repository_boot\org\hamcrest\hamcrest-core\2.2\hamcrest-core-2.2.jar;D:\program\maven\repository_boot\org\hamcrest\hamcrest\2.2\hamcrest-2.2.jar;D:\java program\qgzijixie\qg-common-parent\qg-common-dto\target\qg-common-dto-1.0-SNAPSHOT.jar;D:\program\maven\repository_boot\org\springframework\boot\spring-boot-starter-web\2.3.1.RELEASE\spring-boot-starter-web-2.3.1.RELEASE.jar;D:\program\maven\repository_boot\org\springframework\boot\spring-boot-starter\2.3.1.RELEASE\spring-boot-starter-2.3.1.RELEASE.jar;D:\program\maven\repository_boot\org\springframework\boot\spring-boot\2.3.1.RELEASE\spring-boot-2.3.1.RELEASE.jar;D:\program\maven\repository_boot\org\springframework\boot\spring-boot-autoconfigure\2.3.1.RELEASE\spring-boot-autoconfigure-2.3.1.RELEASE.jar;D:\program\maven\repository_boot\org\springframework\boot\spring-boot-starter-logging\2.3.1.RELEASE\spring-boot-starter-logging-2.3.1.RELEASE.jar;D:\program\maven\repository_boot\ch\qos\logback\logback-classic\1.2.3\logback-classic-1.2.3.jar;D:\program\maven\repository_boot\ch\qos\logback\logback-core\1.2.3\logback-core-1.2.3.jar;D:\program\maven\repository_boot\org\apache\logging\log4j\log4j-to-slf4j\2.13.3\log4j-to-slf4j-2.13.3.jar;D:\program\maven\repository_boot\org\apache\logging\log4j\log4j-api\2.13.3\log4j-api-2.13.3.jar;D:\program\maven\repository_boot\org\slf4j\jul-to-slf4j\1.7.30\jul-to-slf4j-1.7.30.jar;D:\program\maven\repository_boot\jakarta\annotation\jakarta.annotation-api\1.3.5\jakarta.annotation-api-1.3.5.jar;D:\program\maven\repository_boot\org\springframework\spring-core\5.2.7.RELEASE\spring-core-5.2.7.RELEASE.jar;D:\program\maven\repository_boot\org\springframework\spring-jcl\5.2.7.RELEASE\spring-jcl-5.2.7.RELEASE.jar;D:\program\maven\repository_boot\org\yaml\snakeyaml\1.26\snakeyaml-1.26.jar;D:\program\maven\repository_boot\org\springframework\boot\spring-boot-starter-json\2.3.1.RELEASE\spring-boot-starter-json-2.3.1.RELEASE.jar;D:\program\maven\repository_boot\com\fasterxml\jackson\core\jackson-databind\2.11.0\jackson-databind-2.11.0.jar;D:\program\maven\repository_boot\com\fasterxml\jackson\core\jackson-annotations\2.11.0\jackson-annotations-2.11.0.jar;D:\program\maven\repository_boot\com\fasterxml\jackson\core\jackson-core\2.11.0\jackson-core-2.11.0.jar;D:\program\maven\repository_boot\com\fasterxml\jackson\datatype\jackson-datatype-jdk8\2.11.0\jackson-datatype-jdk8-2.11.0.jar;D:\program\maven\repository_boot\com\fasterxml\jackson\datatype\jackson-datatype-jsr310\2.11.0\jackson-datatype-jsr310-2.11.0.jar;D:\program\maven\repository_boot\com\fasterxml\jackson\module\jackson-module-parameter-names\2.11.0\jackson-module-parameter-names-2.11.0.jar;D:\program\maven\repository_boot\org\springframework\boot\spring-boot-starter-tomcat\2.3.1.RELEASE\spring-boot-starter-tomcat-2.3.1.RELEASE.jar;D:\program\maven\repository_boot\org\apache\tomcat\embed\tomcat-embed-core\9.0.36\tomcat-embed-core-9.0.36.jar;D:\program\maven\repository_boot\org\glassfish\jakarta.el\3.0.3\jakarta.el-3.0.3.jar;D:\program\maven\repository_boot\org\apache\tomcat\embed\tomcat-embed-websocket\9.0.36\tomcat-embed-websocket-9.0.36.jar;D:\program\maven\repository_boot\org\springframework\spring-web\5.2.7.RELEASE\spring-web-5.2.7.RELEASE.jar;D:\program\maven\repository_boot\org\springframework\spring-beans\5.2.7.RELEASE\spring-beans-5.2.7.RELEASE.jar;D:\program\maven\repository_boot\org\springframework\spring-webmvc\5.2.7.RELEASE\spring-webmvc-5.2.7.RELEASE.jar;D:\program\maven\repository_boot\org\springframework\spring-aop\5.2.7.RELEASE\spring-aop-5.2.7.RELEASE.jar;D:\program\maven\repository_boot\org\springframework\spring-expression\5.2.7.RELEASE\spring-expression-5.2.7.RELEASE.jar;D:\program\maven\repository_boot\org\springframework\boot\spring-boot-starter-data-redis\2.3.1.RELEASE\spring-boot-starter-data-redis-2.3.1.RELEASE.jar;D:\program\maven\repository_boot\org\springframework\data\spring-data-redis\2.3.1.RELEASE\spring-data-redis-2.3.1.RELEASE.jar;D:\program\maven\repository_boot\org\springframework\data\spring-data-keyvalue\2.3.1.RELEASE\spring-data-keyvalue-2.3.1.RELEASE.jar;D:\program\maven\repository_boot\org\springframework\data\spring-data-commons\2.3.1.RELEASE\spring-data-commons-2.3.1.RELEASE.jar;D:\program\maven\repository_boot\org\springframework\spring-oxm\5.2.7.RELEASE\spring-oxm-5.2.7.RELEASE.jar;D:\program\maven\repository_boot\org\springframework\spring-context-support\5.2.7.RELEASE\spring-context-support-5.2.7.RELEASE.jar;D:\program\maven\repository_boot\org\slf4j\slf4j-api\1.7.30\slf4j-api-1.7.30.jar;D:\program\maven\repository_boot\io\lettuce\lettuce-core\5.3.1.RELEASE\lettuce-core-5.3.1.RELEASE.jar;D:\program\maven\repository_boot\io\netty\netty-common\4.1.50.Final\netty-common-4.1.50.Final.jar;D:\program\maven\repository_boot\io\netty\netty-handler\4.1.50.Final\netty-handler-4.1.50.Final.jar;D:\program\maven\repository_boot\io\netty\netty-resolver\4.1.50.Final\netty-resolver-4.1.50.Final.jar;D:\program\maven\repository_boot\io\netty\netty-buffer\4.1.50.Final\netty-buffer-4.1.50.Final.jar;D:\program\maven\repository_boot\io\netty\netty-codec\4.1.50.Final\netty-codec-4.1.50.Final.jar;D:\program\maven\repository_boot\io\netty\netty-transport\4.1.50.Final\netty-transport-4.1.50.Final.jar;D:\program\maven\repository_boot\io\projectreactor\reactor-core\3.3.6.RELEASE\reactor-core-3.3.6.RELEASE.jar;D:\program\maven\repository_boot\org\reactivestreams\reactive-streams\1.0.3\reactive-streams-1.0.3.jar;D:\program\maven\repository_boot\org\springframework\kafka\spring-kafka\2.5.2.RELEASE\spring-kafka-2.5.2.RELEASE.jar;D:\program\maven\repository_boot\org\springframework\spring-context\5.2.7.RELEASE\spring-context-5.2.7.RELEASE.jar;D:\program\maven\repository_boot\org\springframework\spring-messaging\5.2.7.RELEASE\spring-messaging-5.2.7.RELEASE.jar;D:\program\maven\repository_boot\org\springframework\spring-tx\5.2.7.RELEASE\spring-tx-5.2.7.RELEASE.jar;D:\program\maven\repository_boot\org\springframework\retry\spring-retry\1.2.5.RELEASE\spring-retry-1.2.5.RELEASE.jar;D:\program\maven\repository_boot\org\apache\kafka\kafka-clients\2.5.0\kafka-clients-2.5.0.jar;D:\program\maven\repository_boot\com\github\luben\zstd-jni\1.4.4-7\zstd-jni-1.4.4-7.jar;D:\program\maven\repository_boot\org\lz4\lz4-java\1.7.1\lz4-java-1.7.1.jar;D:\program\maven\repository_boot\org\xerial\snappy\snappy-java\1.1.7.3\snappy-java-1.1.7.3.jar;D:\program\maven\repository_boot\com\alibaba\fastjson\1.2.54\fastjson-1.2.54.jar;D:\program\maven\repository_boot\org\springframework\boot\spring-boot-starter-activemq\2.3.1.RELEASE\spring-boot-starter-activemq-2.3.1.RELEASE.jar;D:\program\maven\repository_boot\org\springframework\spring-jms\5.2.7.RELEASE\spring-jms-5.2.7.RELEASE.jar;D:\program\maven\repository_boot\org\apache\activemq\activemq-broker\5.15.12\activemq-broker-5.15.12.jar;D:\program\maven\repository_boot\org\apache\activemq\activemq-client\5.15.12\activemq-client-5.15.12.jar;D:\program\maven\repository_boot\org\fusesource\hawtbuf\hawtbuf\1.11\hawtbuf-1.11.jar;D:\program\maven\repository_boot\org\apache\geronimo\specs\geronimo-j2ee-management_1.1_spec\1.0.1\geronimo-j2ee-management_1.1_spec-1.0.1.jar;D:\program\maven\repository_boot\org\apache\activemq\activemq-openwire-legacy\5.15.12\activemq-openwire-legacy-5.15.12.jar;D:\program\maven\repository_boot\com\google\guava\guava\28.2-jre\guava-28.2-jre.jar;D:\program\maven\repository_boot\com\google\guava\failureaccess\1.0.1\failureaccess-1.0.1.jar;D:\program\maven\repository_boot\com\google\guava\listenablefuture\9999.0-empty-to-avoid-conflict-with-guava\listenablefuture-9999.0-empty-to-avoid-conflict-with-guava.jar;D:\program\maven\repository_boot\com\google\code\findbugs\jsr305\3.0.2\jsr305-3.0.2.jar;D:\program\maven\repository_boot\org\checkerframework\checker-qual\2.10.0\checker-qual-2.10.0.jar;D:\program\maven\repository_boot\com\google\errorprone\error_prone_annotations\2.3.4\error_prone_annotations-2.3.4.jar;D:\program\maven\repository_boot\com\google\j2objc\j2objc-annotations\1.3\j2objc-annotations-1.3.jar;D:\program\maven\repository_boot\jakarta\jms\jakarta.jms-api\2.0.3\jakarta.jms-api-2.0.3.jar;D:\program\maven\repository_boot\log4j\log4j\1.2.17\log4j-1.2.17.jar;"/>
    <property name="java.vm.vendor" value="Oracle Corporation"/>
    <property name="sun.arch.data.model" value="64"/>
    <property name="user.variant" value=""/>
    <property name="java.vendor.url" value="http://java.oracle.com/"/>
    <property name="user.timezone" value="Asia/Shanghai"/>
    <property name="java.vm.specification.version" value="1.8"/>
    <property name="os.name" value="Windows 10"/>
    <property name="user.country" value="CN"/>
    <property name="sun.java.launcher" value="SUN_STANDARD"/>
    <property name="sun.boot.library.path" value="C:\Program Files\Java\jdk1.8.0_181\jre\bin"/>
    <property name="sun.java.command" value="C:\Users\18148\AppData\Local\Temp\surefire6287387112577755492\surefirebooter65372214779718439.jar C:\Users\18148\AppData\Local\Temp\surefire6287387112577755492 2020-07-13T22-15-21_695-jvmRun1 surefire5908041094217917558tmp surefire_03385245587214776045tmp"/>
    <property name="surefire.test.class.path" value="D:\java program\qgzijixie\qg-common-parent\qg-common-utils\target\test-classes;D:\java program\qgzijixie\qg-common-parent\qg-common-utils\target\classes;D:\program\maven\repository_boot\junit\junit\4.11\junit-4.11.jar;D:\program\maven\repository_boot\org\hamcrest\hamcrest-core\2.2\hamcrest-core-2.2.jar;D:\program\maven\repository_boot\org\hamcrest\hamcrest\2.2\hamcrest-2.2.jar;D:\java program\qgzijixie\qg-common-parent\qg-common-dto\target\qg-common-dto-1.0-SNAPSHOT.jar;D:\program\maven\repository_boot\org\springframework\boot\spring-boot-starter-web\2.3.1.RELEASE\spring-boot-starter-web-2.3.1.RELEASE.jar;D:\program\maven\repository_boot\org\springframework\boot\spring-boot-starter\2.3.1.RELEASE\spring-boot-starter-2.3.1.RELEASE.jar;D:\program\maven\repository_boot\org\springframework\boot\spring-boot\2.3.1.RELEASE\spring-boot-2.3.1.RELEASE.jar;D:\program\maven\repository_boot\org\springframework\boot\spring-boot-autoconfigure\2.3.1.RELEASE\spring-boot-autoconfigure-2.3.1.RELEASE.jar;D:\program\maven\repository_boot\org\springframework\boot\spring-boot-starter-logging\2.3.1.RELEASE\spring-boot-starter-logging-2.3.1.RELEASE.jar;D:\program\maven\repository_boot\ch\qos\logback\logback-classic\1.2.3\logback-classic-1.2.3.jar;D:\program\maven\repository_boot\ch\qos\logback\logback-core\1.2.3\logback-core-1.2.3.jar;D:\program\maven\repository_boot\org\apache\logging\log4j\log4j-to-slf4j\2.13.3\log4j-to-slf4j-2.13.3.jar;D:\program\maven\repository_boot\org\apache\logging\log4j\log4j-api\2.13.3\log4j-api-2.13.3.jar;D:\program\maven\repository_boot\org\slf4j\jul-to-slf4j\1.7.30\jul-to-slf4j-1.7.30.jar;D:\program\maven\repository_boot\jakarta\annotation\jakarta.annotation-api\1.3.5\jakarta.annotation-api-1.3.5.jar;D:\program\maven\repository_boot\org\springframework\spring-core\5.2.7.RELEASE\spring-core-5.2.7.RELEASE.jar;D:\program\maven\repository_boot\org\springframework\spring-jcl\5.2.7.RELEASE\spring-jcl-5.2.7.RELEASE.jar;D:\program\maven\repository_boot\org\yaml\snakeyaml\1.26\snakeyaml-1.26.jar;D:\program\maven\repository_boot\org\springframework\boot\spring-boot-starter-json\2.3.1.RELEASE\spring-boot-starter-json-2.3.1.RELEASE.jar;D:\program\maven\repository_boot\com\fasterxml\jackson\core\jackson-databind\2.11.0\jackson-databind-2.11.0.jar;D:\program\maven\repository_boot\com\fasterxml\jackson\core\jackson-annotations\2.11.0\jackson-annotations-2.11.0.jar;D:\program\maven\repository_boot\com\fasterxml\jackson\core\jackson-core\2.11.0\jackson-core-2.11.0.jar;D:\program\maven\repository_boot\com\fasterxml\jackson\datatype\jackson-datatype-jdk8\2.11.0\jackson-datatype-jdk8-2.11.0.jar;D:\program\maven\repository_boot\com\fasterxml\jackson\datatype\jackson-datatype-jsr310\2.11.0\jackson-datatype-jsr310-2.11.0.jar;D:\program\maven\repository_boot\com\fasterxml\jackson\module\jackson-module-parameter-names\2.11.0\jackson-module-parameter-names-2.11.0.jar;D:\program\maven\repository_boot\org\springframework\boot\spring-boot-starter-tomcat\2.3.1.RELEASE\spring-boot-starter-tomcat-2.3.1.RELEASE.jar;D:\program\maven\repository_boot\org\apache\tomcat\embed\tomcat-embed-core\9.0.36\tomcat-embed-core-9.0.36.jar;D:\program\maven\repository_boot\org\glassfish\jakarta.el\3.0.3\jakarta.el-3.0.3.jar;D:\program\maven\repository_boot\org\apache\tomcat\embed\tomcat-embed-websocket\9.0.36\tomcat-embed-websocket-9.0.36.jar;D:\program\maven\repository_boot\org\springframework\spring-web\5.2.7.RELEASE\spring-web-5.2.7.RELEASE.jar;D:\program\maven\repository_boot\org\springframework\spring-beans\5.2.7.RELEASE\spring-beans-5.2.7.RELEASE.jar;D:\program\maven\repository_boot\org\springframework\spring-webmvc\5.2.7.RELEASE\spring-webmvc-5.2.7.RELEASE.jar;D:\program\maven\repository_boot\org\springframework\spring-aop\5.2.7.RELEASE\spring-aop-5.2.7.RELEASE.jar;D:\program\maven\repository_boot\org\springframework\spring-expression\5.2.7.RELEASE\spring-expression-5.2.7.RELEASE.jar;D:\program\maven\repository_boot\org\springframework\boot\spring-boot-starter-data-redis\2.3.1.RELEASE\spring-boot-starter-data-redis-2.3.1.RELEASE.jar;D:\program\maven\repository_boot\org\springframework\data\spring-data-redis\2.3.1.RELEASE\spring-data-redis-2.3.1.RELEASE.jar;D:\program\maven\repository_boot\org\springframework\data\spring-data-keyvalue\2.3.1.RELEASE\spring-data-keyvalue-2.3.1.RELEASE.jar;D:\program\maven\repository_boot\org\springframework\data\spring-data-commons\2.3.1.RELEASE\spring-data-commons-2.3.1.RELEASE.jar;D:\program\maven\repository_boot\org\springframework\spring-oxm\5.2.7.RELEASE\spring-oxm-5.2.7.RELEASE.jar;D:\program\maven\repository_boot\org\springframework\spring-context-support\5.2.7.RELEASE\spring-context-support-5.2.7.RELEASE.jar;D:\program\maven\repository_boot\org\slf4j\slf4j-api\1.7.30\slf4j-api-1.7.30.jar;D:\program\maven\repository_boot\io\lettuce\lettuce-core\5.3.1.RELEASE\lettuce-core-5.3.1.RELEASE.jar;D:\program\maven\repository_boot\io\netty\netty-common\4.1.50.Final\netty-common-4.1.50.Final.jar;D:\program\maven\repository_boot\io\netty\netty-handler\4.1.50.Final\netty-handler-4.1.50.Final.jar;D:\program\maven\repository_boot\io\netty\netty-resolver\4.1.50.Final\netty-resolver-4.1.50.Final.jar;D:\program\maven\repository_boot\io\netty\netty-buffer\4.1.50.Final\netty-buffer-4.1.50.Final.jar;D:\program\maven\repository_boot\io\netty\netty-codec\4.1.50.Final\netty-codec-4.1.50.Final.jar;D:\program\maven\repository_boot\io\netty\netty-transport\4.1.50.Final\netty-transport-4.1.50.Final.jar;D:\program\maven\repository_boot\io\projectreactor\reactor-core\3.3.6.RELEASE\reactor-core-3.3.6.RELEASE.jar;D:\program\maven\repository_boot\org\reactivestreams\reactive-streams\1.0.3\reactive-streams-1.0.3.jar;D:\program\maven\repository_boot\org\springframework\kafka\spring-kafka\2.5.2.RELEASE\spring-kafka-2.5.2.RELEASE.jar;D:\program\maven\repository_boot\org\springframework\spring-context\5.2.7.RELEASE\spring-context-5.2.7.RELEASE.jar;D:\program\maven\repository_boot\org\springframework\spring-messaging\5.2.7.RELEASE\spring-messaging-5.2.7.RELEASE.jar;D:\program\maven\repository_boot\org\springframework\spring-tx\5.2.7.RELEASE\spring-tx-5.2.7.RELEASE.jar;D:\program\maven\repository_boot\org\springframework\retry\spring-retry\1.2.5.RELEASE\spring-retry-1.2.5.RELEASE.jar;D:\program\maven\repository_boot\org\apache\kafka\kafka-clients\2.5.0\kafka-clients-2.5.0.jar;D:\program\maven\repository_boot\com\github\luben\zstd-jni\1.4.4-7\zstd-jni-1.4.4-7.jar;D:\program\maven\repository_boot\org\lz4\lz4-java\1.7.1\lz4-java-1.7.1.jar;D:\program\maven\repository_boot\org\xerial\snappy\snappy-java\1.1.7.3\snappy-java-1.1.7.3.jar;D:\program\maven\repository_boot\com\alibaba\fastjson\1.2.54\fastjson-1.2.54.jar;D:\program\maven\repository_boot\org\springframework\boot\spring-boot-starter-activemq\2.3.1.RELEASE\spring-boot-starter-activemq-2.3.1.RELEASE.jar;D:\program\maven\repository_boot\org\springframework\spring-jms\5.2.7.RELEASE\spring-jms-5.2.7.RELEASE.jar;D:\program\maven\repository_boot\org\apache\activemq\activemq-broker\5.15.12\activemq-broker-5.15.12.jar;D:\program\maven\repository_boot\org\apache\activemq\activemq-client\5.15.12\activemq-client-5.15.12.jar;D:\program\maven\repository_boot\org\fusesource\hawtbuf\hawtbuf\1.11\hawtbuf-1.11.jar;D:\program\maven\repository_boot\org\apache\geronimo\specs\geronimo-j2ee-management_1.1_spec\1.0.1\geronimo-j2ee-management_1.1_spec-1.0.1.jar;D:\program\maven\repository_boot\org\apache\activemq\activemq-openwire-legacy\5.15.12\activemq-openwire-legacy-5.15.12.jar;D:\program\maven\repository_boot\com\google\guava\guava\28.2-jre\guava-28.2-jre.jar;D:\program\maven\repository_boot\com\google\guava\failureaccess\1.0.1\failureaccess-1.0.1.jar;D:\program\maven\repository_boot\com\google\guava\listenablefuture\9999.0-empty-to-avoid-conflict-with-guava\listenablefuture-9999.0-empty-to-avoid-conflict-with-guava.jar;D:\program\maven\repository_boot\com\google\code\findbugs\jsr305\3.0.2\jsr305-3.0.2.jar;D:\program\maven\repository_boot\org\checkerframework\checker-qual\2.10.0\checker-qual-2.10.0.jar;D:\program\maven\repository_boot\com\google\errorprone\error_prone_annotations\2.3.4\error_prone_annotations-2.3.4.jar;D:\program\maven\repository_boot\com\google\j2objc\j2objc-annotations\1.3\j2objc-annotations-1.3.jar;D:\program\maven\repository_boot\jakarta\jms\jakarta.jms-api\2.0.3\jakarta.jms-api-2.0.3.jar;D:\program\maven\repository_boot\log4j\log4j\1.2.17\log4j-1.2.17.jar;"/>
    <property name="sun.cpu.endian" value="little"/>
    <property name="user.home" value="C:\Users\18148"/>
    <property name="user.language" value="zh"/>
    <property name="java.specification.vendor" value="Oracle Corporation"/>
    <property name="java.home" value="C:\Program Files\Java\jdk1.8.0_181\jre"/>
    <property name="basedir" value="D:\java program\qgzijixie\qg-common-parent\qg-common-utils"/>
    <property name="file.separator" value="\"/>
    <property name="line.separator" value="&#10;"/>
    <property name="java.vm.specification.vendor" value="Oracle Corporation"/>
    <property name="java.specification.name" value="Java Platform API Specification"/>
    <property name="java.awt.graphicsenv" value="sun.awt.Win32GraphicsEnvironment"/>
    <property name="surefire.real.class.path" value="C:\Users\18148\AppData\Local\Temp\surefire6287387112577755492\surefirebooter65372214779718439.jar"/>
    <property name="sun.boot.class.path" value="C:\Program Files\Java\jdk1.8.0_181\jre\lib\resources.jar;C:\Program Files\Java\jdk1.8.0_181\jre\lib\rt.jar;C:\Program Files\Java\jdk1.8.0_181\jre\lib\sunrsasign.jar;C:\Program Files\Java\jdk1.8.0_181\jre\lib\jsse.jar;C:\Program Files\Java\jdk1.8.0_181\jre\lib\jce.jar;C:\Program Files\Java\jdk1.8.0_181\jre\lib\charsets.jar;C:\Program Files\Java\jdk1.8.0_181\jre\lib\jfr.jar;C:\Program Files\Java\jdk1.8.0_181\jre\classes"/>
    <property name="user.script" value=""/>
    <property name="sun.management.compiler" value="HotSpot 64-Bit Tiered Compilers"/>
    <property name="java.runtime.version" value="1.8.0_181-b13"/>
    <property name="user.name" value="18148"/>
    <property name="path.separator" value=";"/>
    <property name="os.version" value="10.0"/>
    <property name="java.endorsed.dirs" value="C:\Program Files\Java\jdk1.8.0_181\jre\lib\endorsed"/>
    <property name="java.runtime.name" value="Java(TM) SE Runtime Environment"/>
    <property name="file.encoding" value="GBK"/>
    <property name="java.vm.name" value="Java HotSpot(TM) 64-Bit Server VM"/>
    <property name="localRepository" value="D:\program\maven\repository_boot"/>
    <property name="java.vendor.url.bug" value="http://bugreport.sun.com/bugreport/"/>
    <property name="java.io.tmpdir" value="C:\Users\18148\AppData\Local\Temp\"/>
    <property name="java.version" value="1.8.0_181"/>
    <property name="user.dir" value="D:\java program\qgzijixie\qg-common-parent\qg-common-utils"/>
    <property name="os.arch" value="amd64"/>
    <property name="java.vm.specification.name" value="Java Virtual Machine Specification"/>
    <property name="java.awt.printerjob" value="sun.awt.windows.WPrinterJob"/>
    <property name="sun.os.patch.level" value=""/>
    <property name="idea.version2019.2" value="true"/>
    <property name="java.library.path" value="C:\Program Files\Java\jdk1.8.0_181\jre\bin;C:\WINDOWS\Sun\Java\bin;C:\WINDOWS\system32;C:\WINDOWS;D:\IntelliJ IDEA\IntelliJ IDEA 2019.2\jbr\\bin;D:\IntelliJ IDEA\IntelliJ IDEA 2019.2\jbr\\bin\server;D:\program\xftp\xftp\;D:\program\xshell\;C:\Program Files\NVIDIA Corporation\NVIDIA NvDLISR;C:\Program Files\Java\jdk1.8.0_181\bin;C:\Windows\System32;C:\Program Files (x86)\Windows Kits\10\Windows Performance Toolkit\;C:\WINDOWS\system32;C:\WINDOWS;C:\WINDOWS\System32\Wbem;C:\WINDOWS\System32\WindowsPowerShell\v1.0\;C:\WINDOWS\System32\OpenSSH\;D:\mysql\mysql5.7\bin;D:\mysql\mysql-5.7.27-winx64\bin;D:\java\apache-maven-3.5.2\bin;C:\Program Files\TortoiseGit\bin;C:\Program Files\Git\cmd;D:\program\tomcat\apache-tomcat-8.5.31\bin;D:\program\nodejs\;D:\program\nodejs\node_global;D:\python\Scripts\;D:\python\;C:\Users\18148\AppData\Local\Microsoft\WindowsApps;D:\vscode\Microsoft VS Code\bin;D:\pycharm\PyCharm 2019.1.3\bin;;D:\IntelliJ IDEA\IntelliJ IDEA 2019.1.3\bin;;C:\Users\18148\AppData\Roaming\npm;;."/>
    <property name="java.vm.info" value="mixed mode"/>
    <property name="java.vendor" value="Oracle Corporation"/>
    <property name="java.vm.version" value="25.181-b13"/>
    <property name="java.ext.dirs" value="C:\Program Files\Java\jdk1.8.0_181\jre\lib\ext;C:\WINDOWS\Sun\Java\lib\ext"/>
    <property name="sun.io.unicode.encoding" value="UnicodeLittle"/>
    <property name="maven.repo.local" value="D:\program\maven\repository_boot"/>
    <property name="java.class.version" value="52.0"/>
  </properties>
  <testcase name="shouldAnswerWithTrue" classname="com.rf.AppTest" time="0.001"/>
</testsuite>